


materialPath: S:\Program Files\Steam\steamapps\common\Counter-Strike Global Offensive\csgo\materials
Loading C:\Users\canof\Documents\GitHub\de_shogun\de_shogun.vmf
Map revision 46
Material not found!: /BLUE
Patching WVT material: maps/de_shogun/ground/hr_g/hr_gravel_grass_001_blend_wvt_patch
fixing up env_cubemap materials on brush sides...
0...1...2...3...4...5...6...7...8...9...100...1...2...3...4...5...6...7...8...9...10Processing areas...done (0)
Building Faces...done (0)
Chop Details...done (0)
Find Visible Detail Sides...
Merged 4 detail faces...done (0)
Merging details...done (0)
FixTjuncs...
PruneNodes...
WriteBSP...
done (0)
writing C:\Users\canof\Documents\GitHub\de_shogun\de_shogun.prt...Building visibility clusters...
done (0)
Finding displacement neighbors...
Finding lightmap sample positions...
Displacement Alpha : 0...1...2...3...4...5...6...7...8...9...10
Building Physics collision data...
done (0) (50350 bytes)
Placing detail props : 0...1...2...3...4...5...6...7...8...9...10
Compacting texture/material tables...
Reduced 112 texinfos to 67
Reduced 17 texdatas to 16 (394 bytes to 331)
Writing C:\Users\canof\Documents\GitHub\de_shogun\de_shogun.bsp
1 second elapsed



8 threads
reading c:\users\canof\documents\github\de_shogun\de_shogun.bsp
reading c:\users\canof\documents\github\de_shogun\de_shogun.prt
 453 portalclusters
1574 numportals
0...1...2...3...4...5...6...7...8...9...100...1...2...3...4...5...6...7...8.


materialPath: S:\Program Files\Steam\steamapps\common\Counter-Strike Global Offensive\csgo\materials
Loading c:\users\canof\documents\github\de_shogun\de_shogun.vmf
Map revision 46
Material not found!: /BLUE
Patching WVT material: maps/de_shogun/ground/hr_g/hr_gravel_grass_001_blend_wvt_patch
fixing up env_cubemap materials on brush sides...
0...1...2...3...4...5...6...7...8...9...100...1...2...3...4...5...6...7...8...9...10Processing areas...done (0)
Building Faces...done (0)
Chop Details...done (0)
Find Visible Detail Sides...
Merged 4 detail faces...done (0)
Merging details...done (0)
FixTjuncs...
PruneNodes...
WriteBSP...
done (0)
writing c:\users\canof\documents\github\de_shogun\de_shogun.prt...Building visibility clusters...
done (0)
Finding displacement neighbors...
Finding lightmap sample positions...
Displacement Alpha : 0...1...2...3...4...5...6...7...8...9...10
Building Physics collision data...
done (0) (50987 bytes)
Placing detail props : 0...1...2...3...4...5...6...7...8...9...10
Water found with no water_lod_control entity, creating a default one.
Compacting texture/material tables...
Reduced 115 texinfos to 69
Reduced 20 texdatas to 18 (485 bytes to 375)
Writing c:\users\canof\documents\github\de_shogun\de_shogun.bsp
0 seconds elapsed



8 threads
reading c:\users\canof\documents\github\de_shogun\de_shogun.bsp
reading c:\users\canof\documents\github\de_shogun\de_shogun.prt
 472 portalclusters
1681 numportals
0...1...2...3...4...5...6...7...8...9...100...1...2...3...4...5...6...7...8...9...10Optimized: 133 visible clusters (0.00%)
Total clusters visible: 161937
Average clusters visible: 343
Building PAS...
Average clusters audible: 472
visdatasize:59014  compressed from 60416
writing c:\users\canof\documents\github\de_shogun\de_shogun.bsp
23 seconds elapsed



[Reading texlights from 'lights.rad']
[17 texlights parsed from 'lights.rad']

Loading c:\users\canof\documents\github\de_shogun\de_shogun.bsp
1259 faces
641514 square feet [92378032.00 square inches]
13 Displacements
20807 Square Feet [2996272.50 Square Inches]
1259 patches before subdivision
23261 patches after subdivision
2 direct lights
0...1...2...3...4...5...6...7...8...9...100...1...2...3...4...5...6...7...8...9...10transfers 1704864, max 561
transfer lists:  13.0 megs
0...1...2...3...4...5...6...7...8...9...10	Bounce #1 added RGB(44039, 43726, 34395)
0...1...2...3...4...5...6...7...8...9...10	Bounce #2 added RGB(3237, 3133, 2471)
0...1...2...3...4...5...6...7...8...9...10	Bounce #3 added RGB(1045, 1012, 796)
0...1...2...3...4...5...6...7...8...9...10	Bounce #4 added RGB(163, 159, 126)
0...1...2...3...4...5...6...7...8...9...10	Bounce #5 added RGB(56, 54, 43)
0...1...2...3...4...5...6...7...8...9...10	Bounce #6 added RGB(11, 11, 9)
0...1...2...3...4...5...6...7...8...9...10	Bounce #7 added RGB(4, 3, 3)
0...1...2...3...4...5...6...7...8...9...10	Bounce #8 added RGB(1, 1, 1)
Build Patch/Sample Hash Table(s).....Done<0.0054 sec>
0...1...2...3...4...5...6...7...8...9...10FinalLightFace Done
0 of 0 (0% of) surface lights went in leaf ambient cubes.
0...1...2...3...4...5...6...7...8...9...10Writing leaf ambient...done
Ready to Finish

Object names       Objects/Maxobjs  Memory / Maxmem  Fullness 
------------       ---------------  ---------------  -------- 
models                   3/1024          144/49152    ( 0.3%) 
brushes                 98/8192         1176/98304    ( 1.2%) 
brushsides             984/65536        7872/524288   ( 1.5%) 
planes                1240/65536       24800/1310720  ( 1.9%) 
vertexes              1854/65536       22248/786432   ( 2.8%) 
nodes                  786/65536       25152/2097152  ( 1.2%) 
texinfos                69/12288        4968/884736   ( 0.6%) 
texdata                 18/2048          576/65536    ( 0.9%) 
dispinfos               13/0            2288/0        ( 0.0%) 
disp_verts             773/0           15460/0        ( 0.0%) 
disp_tris             1184/0            2368/0        ( 0.0%) 
disp_multiblend          0/0               0/0        ( 0.0%) 
disp_lmsamples       36664/0           36664/0        ( 0.0%) 
faces                 1259/65536       70504/3670016  ( 1.9%) 
hdr faces             1259/65536       70504/3670016  ( 1.9%) 
origfaces              536/65536       30016/3670016  ( 0.8%) 
facebrushes             40/0              80/0        ( 0.0%) 
facebrushlists        1259/0            5036/0        ( 0.0%) 
leaves                 790/65536       25280/2097152  ( 1.2%) 
leaffaces             1487/65536        2974/131072   ( 2.3%) 
leafbrushes            500/65536        1000/131072   ( 0.8%) 
areas                    2/1024           16/8192     ( 0.2%) 
surfedges             8292/512000      33168/2048000  ( 1.6%) 
edges                 4527/256000      18108/1024000  ( 1.8%) 
LDR worldlights          0/8192            0/819200   ( 0.0%) 
HDR worldlights          2/8192          200/819200   ( 0.0%) 
leafwaterdata            1/32768          12/393216   ( 0.0%) 
waterstrips            145/32768        1450/327680   ( 0.4%) 
waterverts               0/65536           0/786432   ( 0.0%) 
waterindices          2271/65536        4542/131072   ( 3.5%) 
cubemapsamples           0/1024            0/16384    ( 0.0%) 
overlays                 0/1024            0/360448   ( 0.0%) 
LDR lightdata         [variable]           0/0        ( 0.0%) 
HDR lightdata         [variable]      973708/0        ( 0.0%) 
visdata               [variable]       59014/16777216 ( 0.4%) 
entdata               [variable]        1527/393216   ( 0.4%) 
LDR ambient table      790/65536        3160/262144   ( 1.2%) 
HDR ambient table      790/65536        3160/262144   ( 1.2%) 
LDR leaf ambient       790/65536       22120/1835008  ( 1.2%) 
HDR leaf ambient      3906/65536      109368/1835008  ( 6.0%) 
occluders                0/0               0/0        ( 0.0%) 
occluder polygons        0/0               0/0        ( 0.0%) 
occluder vert ind        0/0               0/0        ( 0.0%) 
detail props          [variable]           1/12       ( 8.3%) 
static props          [variable]           1/12       ( 8.3%) 
pakfile               [variable]       75267/0        ( 0.0%) 
physics               [variable]       50987/4194304  ( 1.2%) 
physics terrain       [variable]        2763/1048576  ( 0.3%) 

Level flags = 1e

Total triangle count: 3496
Writing c:\users\canof\documents\github\de_shogun\de_shogun.bsp
18 seconds elapsed
